build/app/intermediates/manifest_merge_blame_file/debug/manifest-merger-blame-debug-report.txt
1<?xml version="1.0" encoding="utf-8"?>
2<manifest xmlns:android="http://schemas.android.com/apk/res/android"
3    package="com.edu.infix.infixedu"
4    android:versionCode="14"
5    android:versionName="2.0.4" >
6
7    <uses-sdk
8        android:minSdkVersion="21"
9        android:targetSdkVersion="29" />
10    <!--
11         Flutter needs it to communicate with the running application
12         to allow setting breakpoints, to provide hot reload, etc.
13    -->
14    <uses-permission android:name="android.permission.INTERNET" />
14-->src\main\AndroidManifest.xml:61:5-66
14-->src\main\AndroidManifest.xml:61:22-64
15    <uses-permission android:name="android.permission.WRITE_EXTERNAL_STORAGE" />
15-->src\main\AndroidManifest.xml:62:5-80
15-->src\main\AndroidManifest.xml:62:22-78
16    <uses-permission android:name="android.permission.READ_EXTERNAL_STORAGE" />
16-->src\main\AndroidManifest.xml:63:5-79
16-->src\main\AndroidManifest.xml:63:22-77
17    <uses-permission android:name="android.permission.CAMERA" />
17-->src\main\AndroidManifest.xml:65:5-65
17-->src\main\AndroidManifest.xml:65:22-62
18    <uses-permission android:name="android.permission.RECORD_AUDIO" />
18-->src\main\AndroidManifest.xml:66:5-71
18-->src\main\AndroidManifest.xml:66:22-68
19    <uses-permission android:name="android.permission.MODIFY_AUDIO_SETTINGS" />
19-->src\main\AndroidManifest.xml:67:5-80
19-->src\main\AndroidManifest.xml:67:22-77
20    <uses-permission android:name="android.permission.VIDEO_CAPTURE" />
20-->src\main\AndroidManifest.xml:68:5-72
20-->src\main\AndroidManifest.xml:68:22-69
21    <uses-permission android:name="android.permission.AUDIO_CAPTURE" />
21-->src\main\AndroidManifest.xml:69:5-72
21-->src\main\AndroidManifest.xml:69:22-69
22
23    <queries>
23-->[:file_picker] AndroidManifest.xml:9:5-15:15
24        <intent>
24-->[:file_picker] AndroidManifest.xml:10:9-14:18
25            <action android:name="android.intent.action.GET_CONTENT" />
25-->[:file_picker] AndroidManifest.xml:11:13-72
25-->[:file_picker] AndroidManifest.xml:11:21-69
26
27            <data android:mimeType="*/*" />
27-->[:file_picker] AndroidManifest.xml:13:13-44
27-->[:file_picker] AndroidManifest.xml:13:19-41
28        </intent>
29        <intent>
29-->[:file_picker] AndroidManifest.xml:10:9-14:18
30            <action android:name="android.support.customtabs.action.CustomTabsService" />
31        </intent>
32    </queries>
33
34    <uses-permission android:name="android.permission.RECEIVE_BOOT_COMPLETED" />
34-->[:flutter_local_notifications] AndroidManifest.xml:7:5-81
34-->[:flutter_local_notifications] AndroidManifest.xml:7:22-78
35    <uses-permission android:name="android.permission.VIBRATE" />
35-->[:flutter_local_notifications] AndroidManifest.xml:8:5-66
35-->[:flutter_local_notifications] AndroidManifest.xml:8:22-63
36    <uses-permission android:name="android.permission.USE_FULL_SCREEN_INTENT" />
36-->[:flutter_local_notifications] AndroidManifest.xml:9:5-81
36-->[:flutter_local_notifications] AndroidManifest.xml:9:22-78
37    <uses-permission android:name="android.permission.WAKE_LOCK" />
37-->[:firebase_messaging] AndroidManifest.xml:8:5-68
37-->[:firebase_messaging] AndroidManifest.xml:8:22-65
38    <uses-permission android:name="android.permission.ACCESS_NETWORK_STATE" />
38-->[:firebase_messaging] AndroidManifest.xml:9:5-79
38-->[:firebase_messaging] AndroidManifest.xml:9:22-76
39    <uses-permission android:name="android.permission.REQUEST_INSTALL_PACKAGES" /> <!-- Required by older versions of Google Play services to create IID tokens -->
39-->[:open_file] AndroidManifest.xml:8:5-83
39-->[:open_file] AndroidManifest.xml:8:22-80
40    <uses-permission android:name="com.google.android.c2dm.permission.RECEIVE" />
40-->[com.google.firebase:firebase-iid:21.0.1] AndroidManifest.xml:26:5-82
40-->[com.google.firebase:firebase-iid:21.0.1] AndroidManifest.xml:26:22-79
41    <!--
42 io.flutter.app.FlutterApplication is an android.app.Application that
43         calls FlutterMain.startInitialization(this); in its onCreate method.
44         In most cases you can leave this as-is, but you if you want to provide
45         additional functionality it is fine to subclass or reimplement
46         FlutterApplication and put your custom class here.
47    -->
48    <application
48-->src\main\AndroidManifest.xml:8:5-60:19
49        android:name="io.flutter.app.FlutterApplication"
49-->src\main\AndroidManifest.xml:9:9-57
50        android:appComponentFactory="androidx.core.app.CoreComponentFactory"
50-->[androidx.core:core:1.3.0] AndroidManifest.xml:24:18-86
51        android:debuggable="true"
52        android:icon="@mipmap/launcher_icon"
52-->src\main\AndroidManifest.xml:11:9-45
53        android:label="SGSTAR"
53-->src\main\AndroidManifest.xml:10:9-31
54        android:requestLegacyExternalStorage="true"
54-->src\main\AndroidManifest.xml:13:9-52
55        android:usesCleartextTraffic="true" >
55-->src\main\AndroidManifest.xml:12:9-44
56        <activity
56-->src\main\AndroidManifest.xml:14:9-45:20
57            android:name="com.edu.infix.infixedu.MainActivity"
57-->src\main\AndroidManifest.xml:15:13-41
58            android:configChanges="orientation|keyboardHidden|keyboard|screenSize|smallestScreenSize|locale|layoutDirection|fontScale|screenLayout|density|uiMode"
58-->src\main\AndroidManifest.xml:18:13-163
59            android:hardwareAccelerated="true"
59-->src\main\AndroidManifest.xml:19:13-47
60            android:launchMode="singleTop"
60-->src\main\AndroidManifest.xml:16:13-43
61            android:theme="@style/LaunchTheme"
61-->src\main\AndroidManifest.xml:17:13-47
62            android:windowSoftInputMode="adjustResize" >
62-->src\main\AndroidManifest.xml:20:13-55
63
64            <!--
65                 Specifies an Android theme to apply to this Activity as soon as
66                 the Android process has started. This theme is visible to the user
67                 while the Flutter UI initializes. After that, this theme continues
68                 to determine the Window background behind the Flutter UI.
69            -->
70            <meta-data
70-->src\main\AndroidManifest.xml:25:13-28:17
71                android:name="io.flutter.embedding.android.NormalTheme"
71-->src\main\AndroidManifest.xml:26:15-70
72                android:resource="@style/NormalTheme" />
72-->src\main\AndroidManifest.xml:27:15-52
73            <meta-data
73-->src\main\AndroidManifest.xml:29:13-31:40
74                android:name="com.google.android.gms.wallet.api.enabled"
74-->src\main\AndroidManifest.xml:30:17-73
75                android:value="true" />
75-->src\main\AndroidManifest.xml:31:17-37
76            <!--
77                 Displays an Android View that continues showing the launch screen
78                 Drawable until Flutter paints its first frame, then this splash
79                 screen fades out. A splash screen is useful to avoid any visual
80                 gap between the end of Android's launch screen and the painting of
81                 Flutter's first frame.
82            -->
83            <meta-data
83-->src\main\AndroidManifest.xml:37:13-40:17
84                android:name="io.flutter.embedding.android.SplashScreenDrawable"
84-->src\main\AndroidManifest.xml:38:15-79
85                android:resource="@drawable/launch_background" />
85-->src\main\AndroidManifest.xml:39:15-61
86
87            <intent-filter>
87-->src\main\AndroidManifest.xml:41:13-44:29
88                <action android:name="android.intent.action.MAIN" />
88-->src\main\AndroidManifest.xml:42:17-68
88-->src\main\AndroidManifest.xml:42:25-66
89
90                <category android:name="android.intent.category.LAUNCHER" />
90-->src\main\AndroidManifest.xml:43:17-76
90-->src\main\AndroidManifest.xml:43:27-74
91            </intent-filter>
92        </activity>
93        <!--
94             Don't delete the meta-data below.
95             This is used by the Flutter tool to generate GeneratedPluginRegistrant.java
96        -->
97        <meta-data
97-->src\main\AndroidManifest.xml:48:9-50:33
98            android:name="flutterEmbedding"
98-->src\main\AndroidManifest.xml:49:13-44
99            android:value="2" />
99-->src\main\AndroidManifest.xml:50:13-30
100
101        <provider
102            android:name="com.pichillilorenzo.flutter_inappwebview.InAppWebViewFileProvider"
103            android:authorities="com.edu.infix.infixedu.flutter_inappwebview.fileprovider"
104            android:exported="false"
105            android:grantUriPermissions="true" >
106            <meta-data
106-->[:open_file] AndroidManifest.xml:18:13-20:53
107                android:name="android.support.FILE_PROVIDER_PATHS"
107-->[:open_file] AndroidManifest.xml:19:17-67
108                android:resource="@xml/provider_paths" />
108-->[:open_file] AndroidManifest.xml:20:17-50
109        </provider>
110
111        <activity
111-->[:flutter_inappwebview] AndroidManifest.xml:14:9-17:47
112            android:name="com.pichillilorenzo.flutter_inappwebview.in_app_browser.InAppBrowserActivity"
112-->[:flutter_inappwebview] AndroidManifest.xml:15:13-104
113            android:configChanges="orientation|keyboardHidden|keyboard|screenSize|locale|layoutDirection|fontScale|screenLayout|density"
113-->[:flutter_inappwebview] AndroidManifest.xml:16:13-137
114            android:theme="@style/AppTheme" />
114-->[:flutter_inappwebview] AndroidManifest.xml:17:13-44
115        <activity
115-->[:flutter_inappwebview] AndroidManifest.xml:18:9-20:55
116            android:name="com.pichillilorenzo.flutter_inappwebview.chrome_custom_tabs.ChromeCustomTabsActivity"
116-->[:flutter_inappwebview] AndroidManifest.xml:19:13-112
117            android:theme="@style/ThemeTransparent" />
117-->[:flutter_inappwebview] AndroidManifest.xml:20:13-52
118
119        <receiver android:name="com.pichillilorenzo.flutter_inappwebview.chrome_custom_tabs.ActionBroadcastReceiver" />
119-->[:flutter_inappwebview] AndroidManifest.xml:22:9-120
119-->[:flutter_inappwebview] AndroidManifest.xml:22:19-117
120
121        <meta-data
121-->[:flutter_inappwebview] AndroidManifest.xml:24:9-26:36
122            android:name="io.flutter.embedded_views_preview"
122-->[:flutter_inappwebview] AndroidManifest.xml:25:13-61
123            android:value="true" />
123-->[:flutter_inappwebview] AndroidManifest.xml:26:13-33
124
125        <receiver android:name="com.dexterous.flutterlocalnotifications.ScheduledNotificationReceiver" />
125-->[:flutter_local_notifications] AndroidManifest.xml:12:9-106
125-->[:flutter_local_notifications] AndroidManifest.xml:12:19-103
126        <receiver android:name="com.dexterous.flutterlocalnotifications.ScheduledNotificationBootReceiver" >
126-->[:flutter_local_notifications] AndroidManifest.xml:13:9-20:20
126-->[:flutter_local_notifications] AndroidManifest.xml:13:19-107
127            <intent-filter>
127-->[:flutter_local_notifications] AndroidManifest.xml:14:13-19:29
128                <action android:name="android.intent.action.BOOT_COMPLETED" />
128-->[:flutter_local_notifications] AndroidManifest.xml:15:17-79
128-->[:flutter_local_notifications] AndroidManifest.xml:15:25-76
129                <action android:name="android.intent.action.MY_PACKAGE_REPLACED" />
129-->[:flutter_local_notifications] AndroidManifest.xml:16:17-84
129-->[:flutter_local_notifications] AndroidManifest.xml:16:25-81
130                <action android:name="android.intent.action.QUICKBOOT_POWERON" />
130-->[:flutter_local_notifications] AndroidManifest.xml:17:17-82
130-->[:flutter_local_notifications] AndroidManifest.xml:17:25-79
131                <action android:name="com.htc.intent.action.QUICKBOOT_POWERON" />
131-->[:flutter_local_notifications] AndroidManifest.xml:18:17-82
131-->[:flutter_local_notifications] AndroidManifest.xml:18:25-79
132            </intent-filter>
133        </receiver>
134
135        <service
135-->[:firebase_messaging] AndroidManifest.xml:12:9-15:72
136            android:name="io.flutter.plugins.firebase.messaging.FlutterFirebaseMessagingBackgroundService"
136-->[:firebase_messaging] AndroidManifest.xml:13:13-107
137            android:exported="false"
137-->[:firebase_messaging] AndroidManifest.xml:14:13-37
138            android:permission="android.permission.BIND_JOB_SERVICE" />
138-->[:firebase_messaging] AndroidManifest.xml:15:13-69
139        <service
139-->[:firebase_messaging] AndroidManifest.xml:16:9-22:19
140            android:name="io.flutter.plugins.firebase.messaging.FlutterFirebaseMessagingService"
140-->[:firebase_messaging] AndroidManifest.xml:17:13-97
141            android:exported="false" >
141-->[:firebase_messaging] AndroidManifest.xml:18:13-37
142            <intent-filter>
142-->[:firebase_messaging] AndroidManifest.xml:19:13-21:29
143                <action android:name="com.google.firebase.MESSAGING_EVENT" />
143-->[:firebase_messaging] AndroidManifest.xml:20:17-78
143-->[:firebase_messaging] AndroidManifest.xml:20:25-75
144            </intent-filter>
145        </service>
146
147        <receiver
147-->[:firebase_messaging] AndroidManifest.xml:24:9-31:20
148            android:name="io.flutter.plugins.firebase.messaging.FlutterFirebaseMessagingReceiver"
148-->[:firebase_messaging] AndroidManifest.xml:25:13-98
149            android:exported="true"
149-->[:firebase_messaging] AndroidManifest.xml:26:13-36
150            android:permission="com.google.android.c2dm.permission.SEND" >
150-->[:firebase_messaging] AndroidManifest.xml:27:13-73
151            <intent-filter>
151-->[:firebase_messaging] AndroidManifest.xml:28:13-30:29
152                <action android:name="com.google.android.c2dm.intent.RECEIVE" />
152-->[:firebase_messaging] AndroidManifest.xml:29:17-81
152-->[:firebase_messaging] AndroidManifest.xml:29:25-78
153            </intent-filter>
154        </receiver>
155
156        <service
156-->[:firebase_messaging] AndroidManifest.xml:33:9-37:19
157            android:name="com.google.firebase.components.ComponentDiscoveryService"
157-->[:firebase_messaging] AndroidManifest.xml:33:18-89
158            android:directBootAware="true"
158-->[com.google.firebase:firebase-common:19.5.0] AndroidManifest.xml:35:13-43
159            android:exported="false" >
159-->[com.google.firebase:firebase-messaging:21.0.1] AndroidManifest.xml:38:13-37
160            <meta-data
160-->[:firebase_messaging] AndroidManifest.xml:34:13-36:85
161                android:name="com.google.firebase.components:io.flutter.plugins.firebase.messaging.FlutterFirebaseAppRegistrar"
161-->[:firebase_messaging] AndroidManifest.xml:35:17-128
162                android:value="com.google.firebase.components.ComponentRegistrar" />
162-->[:firebase_messaging] AndroidManifest.xml:36:17-82
163            <meta-data
163-->[:firebase_core] AndroidManifest.xml:9:13-11:85
164                android:name="com.google.firebase.components:io.flutter.plugins.firebase.core.FlutterFirebaseCoreRegistrar"
164-->[:firebase_core] AndroidManifest.xml:10:17-124
165                android:value="com.google.firebase.components.ComponentRegistrar" />
165-->[:firebase_core] AndroidManifest.xml:11:17-82
166            <meta-data
166-->[com.google.firebase:firebase-messaging:21.0.1] AndroidManifest.xml:39:13-41:85
167                android:name="com.google.firebase.components:com.google.firebase.messaging.FirebaseMessagingRegistrar"
167-->[com.google.firebase:firebase-messaging:21.0.1] AndroidManifest.xml:40:17-119
168                android:value="com.google.firebase.components.ComponentRegistrar" />
168-->[com.google.firebase:firebase-messaging:21.0.1] AndroidManifest.xml:41:17-82
169            <meta-data
169-->[com.google.firebase:firebase-datatransport:17.0.10] AndroidManifest.xml:28:13-30:85
170                android:name="com.google.firebase.components:com.google.firebase.datatransport.TransportRegistrar"
170-->[com.google.firebase:firebase-datatransport:17.0.10] AndroidManifest.xml:29:17-115
171                android:value="com.google.firebase.components.ComponentRegistrar" />
171-->[com.google.firebase:firebase-datatransport:17.0.10] AndroidManifest.xml:30:17-82
172            <meta-data
172-->[com.google.firebase:firebase-iid:21.0.1] AndroidManifest.xml:32:13-34:85
173                android:name="com.google.firebase.components:com.google.firebase.iid.Registrar"
173-->[com.google.firebase:firebase-iid:21.0.1] AndroidManifest.xml:33:17-96
174                android:value="com.google.firebase.components.ComponentRegistrar" />
174-->[com.google.firebase:firebase-iid:21.0.1] AndroidManifest.xml:34:17-82
175            <meta-data
175-->[com.google.firebase:firebase-installations:16.3.5] AndroidManifest.xml:18:13-20:85
176                android:name="com.google.firebase.components:com.google.firebase.installations.FirebaseInstallationsRegistrar"
176-->[com.google.firebase:firebase-installations:16.3.5] AndroidManifest.xml:19:17-127
177                android:value="com.google.firebase.components.ComponentRegistrar" />
177-->[com.google.firebase:firebase-installations:16.3.5] AndroidManifest.xml:20:17-82
178            <!--
179                This registrar is not defined in the dynamic-module-support sdk itself to allow non-firebase
180                clients to use it as well, by defining this registrar in their own core/common library.
181            -->
182            <meta-data
182-->[com.google.firebase:firebase-common:19.5.0] AndroidManifest.xml:43:13-45:85
183                android:name="com.google.firebase.components:com.google.firebase.dynamicloading.DynamicLoadingRegistrar"
183-->[com.google.firebase:firebase-common:19.5.0] AndroidManifest.xml:44:17-121
184                android:value="com.google.firebase.components.ComponentRegistrar" />
184-->[com.google.firebase:firebase-common:19.5.0] AndroidManifest.xml:45:17-82
185        </service>
186
187        <provider
187-->[:firebase_messaging] AndroidManifest.xml:39:9-43:38
188            android:name="io.flutter.plugins.firebase.messaging.FlutterFirebaseMessagingInitProvider"
188-->[:firebase_messaging] AndroidManifest.xml:40:13-102
189            android:authorities="com.edu.infix.infixedu.flutterfirebasemessaginginitprovider"
189-->[:firebase_messaging] AndroidManifest.xml:41:13-88
190            android:exported="false"
190-->[:firebase_messaging] AndroidManifest.xml:42:13-37
191            android:initOrder="99" />
191-->[:firebase_messaging] AndroidManifest.xml:43:13-35
192        <provider
192-->[:open_file] AndroidManifest.xml:12:9-21:20
193            android:name="com.crazecoder.openfile.FileProvider"
193-->[:open_file] AndroidManifest.xml:13:13-64
194            android:authorities="com.edu.infix.infixedu.fileProvider.com.crazecoder.openfile"
194-->[:open_file] AndroidManifest.xml:14:13-88
195            android:exported="false"
195-->[:open_file] AndroidManifest.xml:15:13-37
196            android:grantUriPermissions="true" >
196-->[:open_file] AndroidManifest.xml:16:13-47
197            <meta-data
197-->[:open_file] AndroidManifest.xml:18:13-20:53
198                android:name="android.support.FILE_PROVIDER_PATHS"
198-->[:open_file] AndroidManifest.xml:19:17-67
199                android:resource="@xml/filepaths" />
199-->[:open_file] AndroidManifest.xml:20:17-50
200        </provider>
201
202        <activity
202-->[:url_launcher] AndroidManifest.xml:8:9-11:74
203            android:name="io.flutter.plugins.urllauncher.WebViewActivity"
203-->[:url_launcher] AndroidManifest.xml:9:13-74
204            android:exported="false"
204-->[:url_launcher] AndroidManifest.xml:10:13-37
205            android:theme="@android:style/Theme.NoTitleBar.Fullscreen" />
205-->[:url_launcher] AndroidManifest.xml:11:13-71
206
207        <provider
207-->[:flutter_webview_plugin] AndroidManifest.xml:9:9-18:20
208            android:name="androidx.core.content.FileProvider"
208-->[:flutter_webview_plugin] AndroidManifest.xml:10:13-62
209            android:authorities="com.edu.infix.infixedu.fileprovider"
209-->[:flutter_webview_plugin] AndroidManifest.xml:11:13-64
210            android:exported="false"
210-->[:flutter_webview_plugin] AndroidManifest.xml:12:13-37
211            android:grantUriPermissions="true" >
211-->[:flutter_webview_plugin] AndroidManifest.xml:13:13-47
212            <meta-data
212-->[:open_file] AndroidManifest.xml:18:13-20:53
213                android:name="android.support.FILE_PROVIDER_PATHS"
213-->[:open_file] AndroidManifest.xml:19:17-67
214                android:resource="@xml/filepaths" />
214-->[:open_file] AndroidManifest.xml:20:17-50
215        </provider>
216        <!--
217             FirebaseMessagingService performs security checks at runtime,
218             but set to not exported to explicitly avoid allowing another app to call it.
219        -->
220        <service
220-->[com.google.firebase:firebase-messaging:21.0.1] AndroidManifest.xml:28:9-35:19
221            android:name="com.google.firebase.messaging.FirebaseMessagingService"
221-->[com.google.firebase:firebase-messaging:21.0.1] AndroidManifest.xml:29:13-82
222            android:directBootAware="true"
222-->[com.google.firebase:firebase-messaging:21.0.1] AndroidManifest.xml:30:13-43
223            android:exported="false" >
223-->[com.google.firebase:firebase-messaging:21.0.1] AndroidManifest.xml:31:13-37
224            <intent-filter android:priority="-500" >
224-->[:firebase_messaging] AndroidManifest.xml:19:13-21:29
225                <action android:name="com.google.firebase.MESSAGING_EVENT" />
225-->[:firebase_messaging] AndroidManifest.xml:20:17-78
225-->[:firebase_messaging] AndroidManifest.xml:20:25-75
226            </intent-filter>
227        </service>
228
229        <receiver
229-->[com.google.firebase:firebase-iid:21.0.1] AndroidManifest.xml:37:9-44:20
230            android:name="com.google.firebase.iid.FirebaseInstanceIdReceiver"
230-->[com.google.firebase:firebase-iid:21.0.1] AndroidManifest.xml:38:13-78
231            android:exported="true"
231-->[com.google.firebase:firebase-iid:21.0.1] AndroidManifest.xml:39:13-36
232            android:permission="com.google.android.c2dm.permission.SEND" >
232-->[com.google.firebase:firebase-iid:21.0.1] AndroidManifest.xml:40:13-73
233            <intent-filter>
233-->[:firebase_messaging] AndroidManifest.xml:28:13-30:29
234                <action android:name="com.google.android.c2dm.intent.RECEIVE" />
234-->[:firebase_messaging] AndroidManifest.xml:29:17-81
234-->[:firebase_messaging] AndroidManifest.xml:29:25-78
235            </intent-filter>
236        </receiver>
237
238        <provider
238-->[com.google.firebase:firebase-common:19.5.0] AndroidManifest.xml:26:9-31:39
239            android:name="com.google.firebase.provider.FirebaseInitProvider"
239-->[com.google.firebase:firebase-common:19.5.0] AndroidManifest.xml:27:13-77
240            android:authorities="com.edu.infix.infixedu.firebaseinitprovider"
240-->[com.google.firebase:firebase-common:19.5.0] AndroidManifest.xml:28:13-72
241            android:directBootAware="true"
241-->[com.google.firebase:firebase-common:19.5.0] AndroidManifest.xml:29:13-43
242            android:exported="false"
242-->[com.google.firebase:firebase-common:19.5.0] AndroidManifest.xml:30:13-37
243            android:initOrder="100" />
243-->[com.google.firebase:firebase-common:19.5.0] AndroidManifest.xml:31:13-36
244
245        <activity
245-->[com.google.android.gms:play-services-base:17.0.0] AndroidManifest.xml:23:9-26:75
246            android:name="com.google.android.gms.common.api.GoogleApiActivity"
246-->[com.google.android.gms:play-services-base:17.0.0] AndroidManifest.xml:24:13-79
247            android:exported="false"
247-->[com.google.android.gms:play-services-base:17.0.0] AndroidManifest.xml:25:13-37
248            android:theme="@android:style/Theme.Translucent.NoTitleBar" />
248-->[com.google.android.gms:play-services-base:17.0.0] AndroidManifest.xml:26:13-72
249
250        <meta-data
250-->[com.google.android.gms:play-services-basement:17.0.0] AndroidManifest.xml:23:9-25:69
251            android:name="com.google.android.gms.version"
251-->[com.google.android.gms:play-services-basement:17.0.0] AndroidManifest.xml:24:13-58
252            android:value="@integer/google_play_services_version" />
252-->[com.google.android.gms:play-services-basement:17.0.0] AndroidManifest.xml:25:13-66
253
254        <service
254-->[com.google.android.datatransport:transport-backend-cct:2.3.3] AndroidManifest.xml:29:9-35:19
255            android:name="com.google.android.datatransport.runtime.backends.TransportBackendDiscovery"
255-->[com.google.android.datatransport:transport-backend-cct:2.3.3] AndroidManifest.xml:30:13-103
256            android:exported="false" >
256-->[com.google.android.datatransport:transport-backend-cct:2.3.3] AndroidManifest.xml:31:13-37
257            <meta-data
257-->[com.google.android.datatransport:transport-backend-cct:2.3.3] AndroidManifest.xml:32:13-34:39
258                android:name="backend:com.google.android.datatransport.cct.CctBackendFactory"
258-->[com.google.android.datatransport:transport-backend-cct:2.3.3] AndroidManifest.xml:33:17-94
259                android:value="cct" />
259-->[com.google.android.datatransport:transport-backend-cct:2.3.3] AndroidManifest.xml:34:17-36
260        </service>
261        <service
261-->[com.google.android.datatransport:transport-runtime:2.2.5] AndroidManifest.xml:26:9-30:19
262            android:name="com.google.android.datatransport.runtime.scheduling.jobscheduling.JobInfoSchedulerService"
262-->[com.google.android.datatransport:transport-runtime:2.2.5] AndroidManifest.xml:27:13-117
263            android:exported="false"
263-->[com.google.android.datatransport:transport-runtime:2.2.5] AndroidManifest.xml:28:13-37
264            android:permission="android.permission.BIND_JOB_SERVICE" >
264-->[com.google.android.datatransport:transport-runtime:2.2.5] AndroidManifest.xml:29:13-69
265        </service>
266
267        <receiver
267-->[com.google.android.datatransport:transport-runtime:2.2.5] AndroidManifest.xml:32:9-34:40
268            android:name="com.google.android.datatransport.runtime.scheduling.jobscheduling.AlarmManagerSchedulerBroadcastReceiver"
268-->[com.google.android.datatransport:transport-runtime:2.2.5] AndroidManifest.xml:33:13-132
269            android:exported="false" />
269-->[com.google.android.datatransport:transport-runtime:2.2.5] AndroidManifest.xml:34:13-37
270    </application>
271
272</manifest>